Using pre-set license

 COMMAND LINE ARGUMENTS:
/Applications/Unity/Hub/Editor/2020.2.1f1/Unity.app/Contents/MacOS/Unity
-adb2
-batchMode
-noUpm
-name
AssetImportWorker0
-projectPath
/Users/fm/Action_Game
-logFile
Logs/AssetImportWorker0.log
-srvPort
53099
Successfully changed project path to: /Users/fm/Action_Game
/Users/fm/Action_Game
Using Asset Import Pipeline V2.
Refreshing native plugins compatible for Editor in 20.05 ms, found 1 plugins.
Preloading 0 native plugins for Editor in 0.00 ms.
Initialize engine version: 2020.2.1f1 (270dd8c3da1c)
[Subsystems] Discovering subsystems at path /Applications/Unity/Hub/Editor/2020.2.1f1/Unity.app/Contents/Resources/UnitySubsystems
[Subsystems] Discovering subsystems at path /Users/fm/Action_Game/Assets
GfxDevice: creating device client; threaded=0
2020-12-29 03:13:49.951 Unity[14107:204490] Color LCD preferred device: Intel(R) Iris(TM) Plus Graphics (low power)
2020-12-29 03:13:49.951 Unity[14107:204490] Metal devices available: 1
2020-12-29 03:13:49.952 Unity[14107:204490] 0: Intel(R) Iris(TM) Plus Graphics (low power)
2020-12-29 03:13:49.952 Unity[14107:204490] Using device Intel(R) Iris(TM) Plus Graphics (low power)
Initializing Metal device caps: Intel(R) Iris(TM) Plus Graphics
Initialize mono
Mono path[0] = '/Applications/Unity/Hub/Editor/2020.2.1f1/Unity.app/Contents/Managed'
Mono path[1] = '/Applications/Unity/Hub/Editor/2020.2.1f1/Unity.app/Contents/MonoBleedingEdge/lib/mono/unityjit'
Mono config path = '/Applications/Unity/Hub/Editor/2020.2.1f1/Unity.app/Contents/MonoBleedingEdge/etc'
Using monoOptions --debugger-agent=transport=dt_socket,embedding=1,server=y,suspend=n,address=127.0.0.1:56107
Begin MonoManager ReloadAssembly
Registering precompiled unity dll's ...
Register platform support module: /Applications/Unity/Hub/Editor/2020.2.1f1/PlaybackEngines/WebGLSupport/UnityEditor.WebGL.Extensions.dll
Register platform support module: /Applications/Unity/Hub/Editor/2020.2.1f1/Unity.app/Contents/PlaybackEngines/MacStandaloneSupport/UnityEditor.OSXStandalone.Extensions.dll
Registered in 0.000676 seconds.
Native extension for OSXStandalone target not found
Native extension for WebGL target not found
Refreshing native plugins compatible for Editor in 21.50 ms, found 1 plugins.
Preloading 0 native plugins for Editor in 0.00 ms.
Invoked RoslynAnalysisRunner static constructor.
RoslynAnalysisRunner will not be running.
RoslynAnalysisRunner has terminated.
Mono: successfully reloaded assembly
- Completed reload, in  1.304 seconds
Platform modules already initialized, skipping
Registering precompiled user dll's ...
Registered in 0.000359 seconds.
Begin MonoManager ReloadAssembly
Native extension for OSXStandalone target not found
Native extension for WebGL target not found
Refreshing native plugins compatible for Editor in 0.22 ms, found 1 plugins.
Preloading 0 native plugins for Editor in 0.00 ms.
Invoked RoslynAnalysisRunner static constructor.
RoslynAnalysisRunner will not be running.
RoslynAnalysisRunner has terminated.
Mono: successfully reloaded assembly
- Completed reload, in  0.915 seconds
Platform modules already initialized, skipping
========================================================================
Worker process is ready to serve import requests
Launching external process: /Applications/Unity/Hub/Editor/2020.2.1f1/Unity.app/Contents/Tools/UnityShaderCompiler
Launched and connected shader compiler UnityShaderCompiler after 0.03 seconds
Refreshing native plugins compatible for Editor in 0.20 ms, found 1 plugins.
Preloading 0 native plugins for Editor in 0.00 ms.
Unloading 1095 Unused Serialized files (Serialized files now loaded: 0)
System memory in use before: 109.0 MB.
System memory in use after: 109.0 MB.

Unloading 10 unused Assets to reduce memory usage. Loaded Objects now: 1536.
Total: 2.313976 ms (FindLiveObjects: 0.187314 ms CreateObjectMapping: 0.044765 ms MarkObjects: 1.965232 ms  DeleteObjects: 0.114911 ms)

========================================================================
Received Import Request.
  path: Assets/Scenes/SampleScene.scenetemplate
  artifactKey: Guid(9e03b97b574c148e0b116d1a10af3338) Importer(815301076,1909f56bfc062723c751e8b465ee728b)
Start importing Assets/Scenes/SampleScene.scenetemplate using Guid(9e03b97b574c148e0b116d1a10af3338) Importer(815301076,1909f56bfc062723c751e8b465ee728b)  -> (artifact id: 'b6c9c7ba021a37413688e9813fb26456') in 0.262768 seconds
  Import took 0.264633 seconds .

========================================================================
Received Import Request.
  Time since last request: 3.738229 seconds.
  path: Assets/PlayerController.cs
  artifactKey: Guid(f0197bd7cd8b348ab977f4f31f528fe0) Importer(815301076,1909f56bfc062723c751e8b465ee728b)
Start importing Assets/PlayerController.cs using Guid(f0197bd7cd8b348ab977f4f31f528fe0) Importer(815301076,1909f56bfc062723c751e8b465ee728b)  -> (artifact id: '5437a0cf9ce094b834b37b4dc7870282') in 0.237221 seconds
  Import took 0.238932 seconds .

========================================================================
Received Import Request.
  Time since last request: 64.263777 seconds.
  path: Assets/Scenes
  artifactKey: Guid(eecaf448c770c4e64bc29838c934d001) Importer(815301076,1909f56bfc062723c751e8b465ee728b)
Start importing Assets/Scenes using Guid(eecaf448c770c4e64bc29838c934d001) Importer(815301076,1909f56bfc062723c751e8b465ee728b)  -> (artifact id: '470ae2670b0cecbf3f1487bbffb65a6a') in 0.002119 seconds
  Import took 0.003971 seconds .

